<?xml version="1.0" encoding="UTF-8"?>
<testng-results ignored="0" total="2" passed="2" failed="0" skipped="0">
  <reporter-output>
  </reporter-output>
  <suite started-at="2024-11-06T11:13:05 IST" name="Default suite" finished-at="2024-11-06T11:16:55 IST" duration-ms="230450">
    <groups>
      <group name="cucumber">
        <method signature="AbstractTestNGCucumberTests.runScenario(io.cucumber.testng.PickleWrapper,io.cucumber.testng.FeatureWrapper)[pri:0, instance:Runner.TestApplication@23e84203]" name="runScenario" class="io.cucumber.testng.AbstractTestNGCucumberTests"/>
      </group> <!-- cucumber -->
    </groups>
    <test started-at="2024-11-06T11:13:05 IST" name="Default test" finished-at="2024-11-06T11:16:55 IST" duration-ms="230450">
      <class name="Runner.TestApplication">
        <test-method is-config="true" signature="setUpClass()[pri:0, instance:Runner.TestApplication@23e84203]" started-at="2024-11-06T11:13:05 IST" name="setUpClass" finished-at="2024-11-06T11:13:05 IST" duration-ms="240" status="PASS">
          <reporter-output>
          </reporter-output>
        </test-method> <!-- setUpClass -->
        <test-method signature="runScenario(io.cucumber.testng.PickleWrapper,io.cucumber.testng.FeatureWrapper)[pri:0, instance:Runner.TestApplication@23e84203]" started-at="2024-11-06T11:13:05 IST" name="runScenario" description="Runs Cucumber Scenarios" data-provider="scenarios" finished-at="2024-11-06T11:13:25 IST" duration-ms="20040" status="PASS">
          <params>
            <param index="0">
              <value>
                <![CDATA["SignUp to luna"]]>
              </value>
            </param>
            <param index="1">
              <value>
                <![CDATA["Optional[SignUp and login]"]]>
              </value>
            </param>
          </params>
          <reporter-output>
          </reporter-output>
        </test-method> <!-- runScenario -->
        <test-method signature="runScenario(io.cucumber.testng.PickleWrapper,io.cucumber.testng.FeatureWrapper)[pri:0, instance:Runner.TestApplication@23e84203]" started-at="2024-11-06T11:13:25 IST" name="runScenario" description="Runs Cucumber Scenarios" data-provider="scenarios" finished-at="2024-11-06T11:16:55 IST" duration-ms="210141" status="PASS">
          <params>
            <param index="0">
              <value>
                <![CDATA["Sigin to luna with Same credential"]]>
              </value>
            </param>
            <param index="1">
              <value>
                <![CDATA["Optional[SignUp and login]"]]>
              </value>
            </param>
          </params>
          <reporter-output>
          </reporter-output>
        </test-method> <!-- runScenario -->
        <test-method is-config="true" signature="tearDownClass()[pri:0, instance:Runner.TestApplication@23e84203]" started-at="2024-11-06T11:16:55 IST" name="tearDownClass" finished-at="2024-11-06T11:16:55 IST" duration-ms="10" status="PASS">
          <reporter-output>
          </reporter-output>
        </test-method> <!-- tearDownClass -->
      </class> <!-- Runner.TestApplication -->
    </test> <!-- Default test -->
  </suite> <!-- Default suite -->
</testng-results>
